info: AppController {/}: {"context":"RoutesResolver","ms":"+2ms","timestamp":"2022-12-26T07:24:53.348Z"}
info: Mapped {/, GET} route {"context":"RouterExplorer","ms":"+1ms","timestamp":"2022-12-26T07:24:53.354Z"}
info: UserController {/user}: {"context":"RoutesResolver","ms":"+1ms","timestamp":"2022-12-26T07:24:53.356Z"}
info: Mapped {/user/list, GET} route {"context":"RouterExplorer","ms":"+1ms","timestamp":"2022-12-26T07:24:53.358Z"}
info: Mapped {/user/add, POST} route {"context":"RouterExplorer","ms":"+1ms","timestamp":"2022-12-26T07:24:53.361Z"}
info: Mapped {/user/profile, GET} route {"context":"RouterExplorer","ms":"+1ms","timestamp":"2022-12-26T07:24:53.363Z"}
info: Mapped {/user/log, GET} route {"context":"RouterExplorer","ms":"+1ms","timestamp":"2022-12-26T07:24:53.365Z"}
info: Mapped {/user/log/result, GET} route {"context":"RouterExplorer","ms":"+1ms","timestamp":"2022-12-26T07:24:53.367Z"}
info: RolesController {/roles}: {"context":"RoutesResolver","ms":"+1ms","timestamp":"2022-12-26T07:24:53.368Z"}
info: Mapped {/roles, POST} route {"context":"RouterExplorer","ms":"+1ms","timestamp":"2022-12-26T07:24:53.371Z"}
info: Mapped {/roles, GET} route {"context":"RouterExplorer","ms":"+2ms","timestamp":"2022-12-26T07:24:53.374Z"}
info: Mapped {/roles/:id, GET} route {"context":"RouterExplorer","ms":"+1ms","timestamp":"2022-12-26T07:24:53.377Z"}
info: Mapped {/roles/:id, PATCH} route {"context":"RouterExplorer","ms":"+0ms","timestamp":"2022-12-26T07:24:53.379Z"}
info: Mapped {/roles/:id, DELETE} route {"context":"RouterExplorer","ms":"+1ms","timestamp":"2022-12-26T07:24:53.381Z"}
info: LogsController {/logs}: {"context":"RoutesResolver","ms":"+1ms","timestamp":"2022-12-26T07:24:53.383Z"}
info: Mapped {/logs, POST} route {"context":"RouterExplorer","ms":"+1ms","timestamp":"2022-12-26T07:24:53.384Z"}
info: Mapped {/logs, GET} route {"context":"RouterExplorer","ms":"+1ms","timestamp":"2022-12-26T07:24:53.386Z"}
info: Mapped {/logs/:id, GET} route {"context":"RouterExplorer","ms":"+1ms","timestamp":"2022-12-26T07:24:53.388Z"}
info: Mapped {/logs/:id, PATCH} route {"context":"RouterExplorer","ms":"+1ms","timestamp":"2022-12-26T07:24:53.389Z"}
info: Mapped {/logs/:id, DELETE} route {"context":"RouterExplorer","ms":"+1ms","timestamp":"2022-12-26T07:24:53.391Z"}
info: Nest application successfully started {"context":"NestApplication","ms":"+1ms","timestamp":"2022-12-26T07:24:53.398Z"}
error: AllExceptionsFilter {"ms":"+1ms","stack":[{"message":"User not found","path":"/user/list","statusCode":404,"timestamp":"2022-12-26T07:25:25.800Z"}],"timestamp":"2022-12-26T07:25:25.801Z"}
info: AppController {/}: {"context":"RoutesResolver","ms":"+2ms","timestamp":"2022-12-26T07:25:41.004Z"}
info: Mapped {/, GET} route {"context":"RouterExplorer","ms":"+1ms","timestamp":"2022-12-26T07:25:41.011Z"}
info: UserController {/user}: {"context":"RoutesResolver","ms":"+1ms","timestamp":"2022-12-26T07:25:41.013Z"}
info: Mapped {/user/list, GET} route {"context":"RouterExplorer","ms":"+0ms","timestamp":"2022-12-26T07:25:41.014Z"}
info: Mapped {/user/add, POST} route {"context":"RouterExplorer","ms":"+1ms","timestamp":"2022-12-26T07:25:41.017Z"}
info: Mapped {/user/profile, GET} route {"context":"RouterExplorer","ms":"+1ms","timestamp":"2022-12-26T07:25:41.019Z"}
info: Mapped {/user/log, GET} route {"context":"RouterExplorer","ms":"+0ms","timestamp":"2022-12-26T07:25:41.020Z"}
info: Mapped {/user/log/result, GET} route {"context":"RouterExplorer","ms":"+2ms","timestamp":"2022-12-26T07:25:41.023Z"}
info: RolesController {/roles}: {"context":"RoutesResolver","ms":"+1ms","timestamp":"2022-12-26T07:25:41.024Z"}
info: Mapped {/roles, POST} route {"context":"RouterExplorer","ms":"+1ms","timestamp":"2022-12-26T07:25:41.026Z"}
info: Mapped {/roles, GET} route {"context":"RouterExplorer","ms":"+1ms","timestamp":"2022-12-26T07:25:41.027Z"}
info: Mapped {/roles/:id, GET} route {"context":"RouterExplorer","ms":"+1ms","timestamp":"2022-12-26T07:25:41.029Z"}
info: Mapped {/roles/:id, PATCH} route {"context":"RouterExplorer","ms":"+1ms","timestamp":"2022-12-26T07:25:41.031Z"}
info: Mapped {/roles/:id, DELETE} route {"context":"RouterExplorer","ms":"+0ms","timestamp":"2022-12-26T07:25:41.032Z"}
info: LogsController {/logs}: {"context":"RoutesResolver","ms":"+0ms","timestamp":"2022-12-26T07:25:41.033Z"}
info: Mapped {/logs, POST} route {"context":"RouterExplorer","ms":"+0ms","timestamp":"2022-12-26T07:25:41.034Z"}
info: Mapped {/logs, GET} route {"context":"RouterExplorer","ms":"+0ms","timestamp":"2022-12-26T07:25:41.035Z"}
info: Mapped {/logs/:id, GET} route {"context":"RouterExplorer","ms":"+2ms","timestamp":"2022-12-26T07:25:41.038Z"}
info: Mapped {/logs/:id, PATCH} route {"context":"RouterExplorer","ms":"+1ms","timestamp":"2022-12-26T07:25:41.040Z"}
info: Mapped {/logs/:id, DELETE} route {"context":"RouterExplorer","ms":"+1ms","timestamp":"2022-12-26T07:25:41.041Z"}
info: Nest application successfully started {"context":"NestApplication","ms":"+1ms","timestamp":"2022-12-26T07:25:41.046Z"}
error: AllExceptionsFilter {"ms":"+1ms","stack":[{"message":"User not found","path":"/user/list","statusCode":404,"timestamp":"2022-12-26T07:25:42.091Z"}],"timestamp":"2022-12-26T07:25:42.092Z"}
error: AllExceptionsFilter {"ms":"+1ms","stack":[{"message":"User not found","path":"/user/list","statusCode":404,"timestamp":"2022-12-26T07:25:49.322Z"}],"timestamp":"2022-12-26T07:25:49.323Z"}
error: AllExceptionsFilter {"ms":"+2ms","stack":[{"message":"User not found","path":"/user/list","statusCode":404,"timestamp":"2022-12-26T07:26:09.160Z"}],"timestamp":"2022-12-26T07:26:09.162Z"}
info: AppController {/}: {"context":"RoutesResolver","ms":"+3ms","timestamp":"2022-12-26T07:26:35.079Z"}
info: Mapped {/, GET} route {"context":"RouterExplorer","ms":"+2ms","timestamp":"2022-12-26T07:26:35.087Z"}
info: UserController {/user}: {"context":"RoutesResolver","ms":"+1ms","timestamp":"2022-12-26T07:26:35.089Z"}
info: Mapped {/user/list, GET} route {"context":"RouterExplorer","ms":"+1ms","timestamp":"2022-12-26T07:26:35.090Z"}
info: Mapped {/user/add, POST} route {"context":"RouterExplorer","ms":"+1ms","timestamp":"2022-12-26T07:26:35.093Z"}
info: Mapped {/user/profile, GET} route {"context":"RouterExplorer","ms":"+2ms","timestamp":"2022-12-26T07:26:35.096Z"}
info: Mapped {/user/log, GET} route {"context":"RouterExplorer","ms":"+2ms","timestamp":"2022-12-26T07:26:35.099Z"}
info: Mapped {/user/log/result, GET} route {"context":"RouterExplorer","ms":"+1ms","timestamp":"2022-12-26T07:26:35.101Z"}
info: RolesController {/roles}: {"context":"RoutesResolver","ms":"+1ms","timestamp":"2022-12-26T07:26:35.103Z"}
info: Mapped {/roles, POST} route {"context":"RouterExplorer","ms":"+3ms","timestamp":"2022-12-26T07:26:35.108Z"}
info: Mapped {/roles, GET} route {"context":"RouterExplorer","ms":"+7ms","timestamp":"2022-12-26T07:26:35.116Z"}
info: Mapped {/roles/:id, GET} route {"context":"RouterExplorer","ms":"+1ms","timestamp":"2022-12-26T07:26:35.119Z"}
info: Mapped {/roles/:id, PATCH} route {"context":"RouterExplorer","ms":"+1ms","timestamp":"2022-12-26T07:26:35.121Z"}
info: Mapped {/roles/:id, DELETE} route {"context":"RouterExplorer","ms":"+1ms","timestamp":"2022-12-26T07:26:35.123Z"}
info: LogsController {/logs}: {"context":"RoutesResolver","ms":"+2ms","timestamp":"2022-12-26T07:26:35.125Z"}
info: Mapped {/logs, POST} route {"context":"RouterExplorer","ms":"+1ms","timestamp":"2022-12-26T07:26:35.127Z"}
info: Mapped {/logs, GET} route {"context":"RouterExplorer","ms":"+3ms","timestamp":"2022-12-26T07:26:35.132Z"}
info: Mapped {/logs/:id, GET} route {"context":"RouterExplorer","ms":"+1ms","timestamp":"2022-12-26T07:26:35.134Z"}
info: Mapped {/logs/:id, PATCH} route {"context":"RouterExplorer","ms":"+1ms","timestamp":"2022-12-26T07:26:35.136Z"}
info: Mapped {/logs/:id, DELETE} route {"context":"RouterExplorer","ms":"+1ms","timestamp":"2022-12-26T07:26:35.137Z"}
info: Nest application successfully started {"context":"NestApplication","ms":"+1ms","timestamp":"2022-12-26T07:26:35.141Z"}
error: AllExceptionsFilter {"ms":"+1ms","stack":[{"message":"User not found","path":"/user/list","statusCode":404,"timestamp":"2022-12-26T07:26:38.389Z"}],"timestamp":"2022-12-26T07:26:38.390Z"}
error: AllExceptionsFilter {"ms":"+1ms","stack":[{"message":"User not found","path":"/user/list","statusCode":404,"timestamp":"2022-12-26T07:26:48.929Z"}],"timestamp":"2022-12-26T07:26:48.930Z"}
info: AppController {/}: {"context":"RoutesResolver","ms":"+3ms","timestamp":"2022-12-26T07:26:59.420Z"}
info: Mapped {/, GET} route {"context":"RouterExplorer","ms":"+1ms","timestamp":"2022-12-26T07:26:59.426Z"}
info: UserController {/user}: {"context":"RoutesResolver","ms":"+4ms","timestamp":"2022-12-26T07:26:59.431Z"}
info: Mapped {/user/list, GET} route {"context":"RouterExplorer","ms":"+4ms","timestamp":"2022-12-26T07:26:59.436Z"}
info: Mapped {/user/add, POST} route {"context":"RouterExplorer","ms":"+8ms","timestamp":"2022-12-26T07:26:59.445Z"}
info: Mapped {/user/profile, GET} route {"context":"RouterExplorer","ms":"+6ms","timestamp":"2022-12-26T07:26:59.452Z"}
info: Mapped {/user/log, GET} route {"context":"RouterExplorer","ms":"+1ms","timestamp":"2022-12-26T07:26:59.454Z"}
info: Mapped {/user/log/result, GET} route {"context":"RouterExplorer","ms":"+2ms","timestamp":"2022-12-26T07:26:59.457Z"}
info: RolesController {/roles}: {"context":"RoutesResolver","ms":"+2ms","timestamp":"2022-12-26T07:26:59.459Z"}
info: Mapped {/roles, POST} route {"context":"RouterExplorer","ms":"+2ms","timestamp":"2022-12-26T07:26:59.462Z"}
info: Mapped {/roles, GET} route {"context":"RouterExplorer","ms":"+3ms","timestamp":"2022-12-26T07:26:59.467Z"}
info: Mapped {/roles/:id, GET} route {"context":"RouterExplorer","ms":"+9ms","timestamp":"2022-12-26T07:26:59.478Z"}
info: Mapped {/roles/:id, PATCH} route {"context":"RouterExplorer","ms":"+32ms","timestamp":"2022-12-26T07:26:59.511Z"}
info: Mapped {/roles/:id, DELETE} route {"context":"RouterExplorer","ms":"+6ms","timestamp":"2022-12-26T07:26:59.519Z"}
info: LogsController {/logs}: {"context":"RoutesResolver","ms":"+3ms","timestamp":"2022-12-26T07:26:59.523Z"}
info: Mapped {/logs, POST} route {"context":"RouterExplorer","ms":"+2ms","timestamp":"2022-12-26T07:26:59.526Z"}
info: Mapped {/logs, GET} route {"context":"RouterExplorer","ms":"+4ms","timestamp":"2022-12-26T07:26:59.530Z"}
info: Mapped {/logs/:id, GET} route {"context":"RouterExplorer","ms":"+10ms","timestamp":"2022-12-26T07:26:59.540Z"}
info: Mapped {/logs/:id, PATCH} route {"context":"RouterExplorer","ms":"+4ms","timestamp":"2022-12-26T07:26:59.545Z"}
info: Mapped {/logs/:id, DELETE} route {"context":"RouterExplorer","ms":"+3ms","timestamp":"2022-12-26T07:26:59.548Z"}
info: Nest application successfully started {"context":"NestApplication","ms":"+2ms","timestamp":"2022-12-26T07:26:59.558Z"}
error: AllExceptionsFilter {"ms":"+2ms","stack":[{"message":"User not found","path":"/user/list","statusCode":404,"timestamp":"2022-12-26T07:27:00.309Z"}],"timestamp":"2022-12-26T07:27:00.311Z"}
info: AppController {/}: {"context":"RoutesResolver","ms":"+3ms","timestamp":"2022-12-26T07:27:53.413Z"}
info: Mapped {/, GET} route {"context":"RouterExplorer","ms":"+1ms","timestamp":"2022-12-26T07:27:53.419Z"}
info: UserController {/user}: {"context":"RoutesResolver","ms":"+1ms","timestamp":"2022-12-26T07:27:53.421Z"}
info: Mapped {/user/list, GET} route {"context":"RouterExplorer","ms":"+1ms","timestamp":"2022-12-26T07:27:53.422Z"}
info: Mapped {/user/add, POST} route {"context":"RouterExplorer","ms":"+1ms","timestamp":"2022-12-26T07:27:53.424Z"}
info: Mapped {/user/profile, GET} route {"context":"RouterExplorer","ms":"+1ms","timestamp":"2022-12-26T07:27:53.425Z"}
info: Mapped {/user/log, GET} route {"context":"RouterExplorer","ms":"+33ms","timestamp":"2022-12-26T07:27:53.459Z"}
info: Mapped {/user/log/result, GET} route {"context":"RouterExplorer","ms":"+1ms","timestamp":"2022-12-26T07:27:53.461Z"}
info: RolesController {/roles}: {"context":"RoutesResolver","ms":"+2ms","timestamp":"2022-12-26T07:27:53.463Z"}
info: Mapped {/roles, POST} route {"context":"RouterExplorer","ms":"+1ms","timestamp":"2022-12-26T07:27:53.465Z"}
info: Mapped {/roles, GET} route {"context":"RouterExplorer","ms":"+1ms","timestamp":"2022-12-26T07:27:53.468Z"}
info: Mapped {/roles/:id, GET} route {"context":"RouterExplorer","ms":"+1ms","timestamp":"2022-12-26T07:27:53.471Z"}
info: Mapped {/roles/:id, PATCH} route {"context":"RouterExplorer","ms":"+1ms","timestamp":"2022-12-26T07:27:53.473Z"}
info: Mapped {/roles/:id, DELETE} route {"context":"RouterExplorer","ms":"+1ms","timestamp":"2022-12-26T07:27:53.476Z"}
info: LogsController {/logs}: {"context":"RoutesResolver","ms":"+1ms","timestamp":"2022-12-26T07:27:53.478Z"}
info: Mapped {/logs, POST} route {"context":"RouterExplorer","ms":"+1ms","timestamp":"2022-12-26T07:27:53.480Z"}
info: Mapped {/logs, GET} route {"context":"RouterExplorer","ms":"+1ms","timestamp":"2022-12-26T07:27:53.482Z"}
info: Mapped {/logs/:id, GET} route {"context":"RouterExplorer","ms":"+1ms","timestamp":"2022-12-26T07:27:53.483Z"}
info: Mapped {/logs/:id, PATCH} route {"context":"RouterExplorer","ms":"+1ms","timestamp":"2022-12-26T07:27:53.485Z"}
info: Mapped {/logs/:id, DELETE} route {"context":"RouterExplorer","ms":"+2ms","timestamp":"2022-12-26T07:27:53.487Z"}
info: Nest application successfully started {"context":"NestApplication","ms":"+1ms","timestamp":"2022-12-26T07:27:53.493Z"}
info: AppController {/}: {"context":"RoutesResolver","ms":"+2ms","timestamp":"2022-12-26T07:35:24.727Z"}
info: Mapped {/, GET} route {"context":"RouterExplorer","ms":"+1ms","timestamp":"2022-12-26T07:35:24.733Z"}
info: UserController {/user}: {"context":"RoutesResolver","ms":"+1ms","timestamp":"2022-12-26T07:35:24.735Z"}
info: Mapped {/user/list, GET} route {"context":"RouterExplorer","ms":"+1ms","timestamp":"2022-12-26T07:35:24.737Z"}
info: Mapped {/user/add, POST} route {"context":"RouterExplorer","ms":"+1ms","timestamp":"2022-12-26T07:35:24.739Z"}
info: Mapped {/user/profile, GET} route {"context":"RouterExplorer","ms":"+1ms","timestamp":"2022-12-26T07:35:24.741Z"}
info: Mapped {/user/log, GET} route {"context":"RouterExplorer","ms":"+2ms","timestamp":"2022-12-26T07:35:24.744Z"}
info: Mapped {/user/log/result, GET} route {"context":"RouterExplorer","ms":"+1ms","timestamp":"2022-12-26T07:35:24.746Z"}
info: RolesController {/roles}: {"context":"RoutesResolver","ms":"+1ms","timestamp":"2022-12-26T07:35:24.748Z"}
info: Mapped {/roles, POST} route {"context":"RouterExplorer","ms":"+1ms","timestamp":"2022-12-26T07:35:24.750Z"}
info: Mapped {/roles, GET} route {"context":"RouterExplorer","ms":"+1ms","timestamp":"2022-12-26T07:35:24.751Z"}
info: Mapped {/roles/:id, GET} route {"context":"RouterExplorer","ms":"+2ms","timestamp":"2022-12-26T07:35:24.754Z"}
info: Mapped {/roles/:id, PATCH} route {"context":"RouterExplorer","ms":"+1ms","timestamp":"2022-12-26T07:35:24.756Z"}
info: Mapped {/roles/:id, DELETE} route {"context":"RouterExplorer","ms":"+2ms","timestamp":"2022-12-26T07:35:24.758Z"}
info: LogsController {/logs}: {"context":"RoutesResolver","ms":"+1ms","timestamp":"2022-12-26T07:35:24.759Z"}
info: Mapped {/logs, POST} route {"context":"RouterExplorer","ms":"+1ms","timestamp":"2022-12-26T07:35:24.761Z"}
info: Mapped {/logs, GET} route {"context":"RouterExplorer","ms":"+1ms","timestamp":"2022-12-26T07:35:24.762Z"}
info: Mapped {/logs/:id, GET} route {"context":"RouterExplorer","ms":"+1ms","timestamp":"2022-12-26T07:35:24.763Z"}
info: Mapped {/logs/:id, PATCH} route {"context":"RouterExplorer","ms":"+1ms","timestamp":"2022-12-26T07:35:24.765Z"}
info: Mapped {/logs/:id, DELETE} route {"context":"RouterExplorer","ms":"+1ms","timestamp":"2022-12-26T07:35:24.766Z"}
info: Nest application successfully started {"context":"NestApplication","ms":"+2ms","timestamp":"2022-12-26T07:35:24.771Z"}
info: AppController {/}: {"context":"RoutesResolver","ms":"+2ms","timestamp":"2022-12-26T07:35:48.335Z"}
info: Mapped {/, GET} route {"context":"RouterExplorer","ms":"+1ms","timestamp":"2022-12-26T07:35:48.341Z"}
info: UserController {/user}: {"context":"RoutesResolver","ms":"+2ms","timestamp":"2022-12-26T07:35:48.343Z"}
info: Mapped {/user/list, GET} route {"context":"RouterExplorer","ms":"+2ms","timestamp":"2022-12-26T07:35:48.346Z"}
info: Mapped {/user/add, POST} route {"context":"RouterExplorer","ms":"+1ms","timestamp":"2022-12-26T07:35:48.348Z"}
info: Mapped {/user/profile, GET} route {"context":"RouterExplorer","ms":"+1ms","timestamp":"2022-12-26T07:35:48.350Z"}
info: Mapped {/user/log, GET} route {"context":"RouterExplorer","ms":"+1ms","timestamp":"2022-12-26T07:35:48.352Z"}
info: Mapped {/user/log/result, GET} route {"context":"RouterExplorer","ms":"+1ms","timestamp":"2022-12-26T07:35:48.354Z"}
info: RolesController {/roles}: {"context":"RoutesResolver","ms":"+2ms","timestamp":"2022-12-26T07:35:48.356Z"}
info: Mapped {/roles, POST} route {"context":"RouterExplorer","ms":"+2ms","timestamp":"2022-12-26T07:35:48.359Z"}
info: Mapped {/roles, GET} route {"context":"RouterExplorer","ms":"+2ms","timestamp":"2022-12-26T07:35:48.362Z"}
info: Mapped {/roles/:id, GET} route {"context":"RouterExplorer","ms":"+2ms","timestamp":"2022-12-26T07:35:48.366Z"}
info: Mapped {/roles/:id, PATCH} route {"context":"RouterExplorer","ms":"+1ms","timestamp":"2022-12-26T07:35:48.369Z"}
info: Mapped {/roles/:id, DELETE} route {"context":"RouterExplorer","ms":"+1ms","timestamp":"2022-12-26T07:35:48.372Z"}
info: LogsController {/logs}: {"context":"RoutesResolver","ms":"+1ms","timestamp":"2022-12-26T07:35:48.374Z"}
info: Mapped {/logs, POST} route {"context":"RouterExplorer","ms":"+1ms","timestamp":"2022-12-26T07:35:48.376Z"}
info: Mapped {/logs, GET} route {"context":"RouterExplorer","ms":"+1ms","timestamp":"2022-12-26T07:35:48.378Z"}
info: Mapped {/logs/:id, GET} route {"context":"RouterExplorer","ms":"+1ms","timestamp":"2022-12-26T07:35:48.380Z"}
info: Mapped {/logs/:id, PATCH} route {"context":"RouterExplorer","ms":"+1ms","timestamp":"2022-12-26T07:35:48.382Z"}
info: Mapped {/logs/:id, DELETE} route {"context":"RouterExplorer","ms":"+2ms","timestamp":"2022-12-26T07:35:48.384Z"}
info: Nest application successfully started {"context":"NestApplication","ms":"+1ms","timestamp":"2022-12-26T07:35:48.389Z"}
info: AppController {/}: {"context":"RoutesResolver","ms":"+4ms","timestamp":"2022-12-26T07:35:54.441Z"}
info: Mapped {/, GET} route {"context":"RouterExplorer","ms":"+2ms","timestamp":"2022-12-26T07:35:54.448Z"}
info: UserController {/user}: {"context":"RoutesResolver","ms":"+1ms","timestamp":"2022-12-26T07:35:54.450Z"}
info: Mapped {/user/list, GET} route {"context":"RouterExplorer","ms":"+1ms","timestamp":"2022-12-26T07:35:54.452Z"}
info: Mapped {/user/add, POST} route {"context":"RouterExplorer","ms":"+1ms","timestamp":"2022-12-26T07:35:54.454Z"}
info: Mapped {/user/profile, GET} route {"context":"RouterExplorer","ms":"+3ms","timestamp":"2022-12-26T07:35:54.458Z"}
info: Mapped {/user/log, GET} route {"context":"RouterExplorer","ms":"+3ms","timestamp":"2022-12-26T07:35:54.463Z"}
info: Mapped {/user/log/result, GET} route {"context":"RouterExplorer","ms":"+1ms","timestamp":"2022-12-26T07:35:54.465Z"}
info: RolesController {/roles}: {"context":"RoutesResolver","ms":"+1ms","timestamp":"2022-12-26T07:35:54.466Z"}
info: Mapped {/roles, POST} route {"context":"RouterExplorer","ms":"+1ms","timestamp":"2022-12-26T07:35:54.468Z"}
info: Mapped {/roles, GET} route {"context":"RouterExplorer","ms":"+2ms","timestamp":"2022-12-26T07:35:54.471Z"}
info: Mapped {/roles/:id, GET} route {"context":"RouterExplorer","ms":"+3ms","timestamp":"2022-12-26T07:35:54.475Z"}
info: Mapped {/roles/:id, PATCH} route {"context":"RouterExplorer","ms":"+1ms","timestamp":"2022-12-26T07:35:54.477Z"}
info: Mapped {/roles/:id, DELETE} route {"context":"RouterExplorer","ms":"+2ms","timestamp":"2022-12-26T07:35:54.480Z"}
info: LogsController {/logs}: {"context":"RoutesResolver","ms":"+1ms","timestamp":"2022-12-26T07:35:54.481Z"}
info: Mapped {/logs, POST} route {"context":"RouterExplorer","ms":"+1ms","timestamp":"2022-12-26T07:35:54.483Z"}
info: Mapped {/logs, GET} route {"context":"RouterExplorer","ms":"+1ms","timestamp":"2022-12-26T07:35:54.485Z"}
info: Mapped {/logs/:id, GET} route {"context":"RouterExplorer","ms":"+1ms","timestamp":"2022-12-26T07:35:54.486Z"}
info: Mapped {/logs/:id, PATCH} route {"context":"RouterExplorer","ms":"+1ms","timestamp":"2022-12-26T07:35:54.488Z"}
info: Mapped {/logs/:id, DELETE} route {"context":"RouterExplorer","ms":"+6ms","timestamp":"2022-12-26T07:35:54.494Z"}
info: Nest application successfully started {"context":"NestApplication","ms":"+1ms","timestamp":"2022-12-26T07:35:54.499Z"}
info: AppController {/}: {"context":"RoutesResolver","ms":"+3ms","timestamp":"2022-12-26T07:55:21.373Z"}
info: Mapped {/, GET} route {"context":"RouterExplorer","ms":"+2ms","timestamp":"2022-12-26T07:55:21.378Z"}
info: UserController {/user}: {"context":"RoutesResolver","ms":"+2ms","timestamp":"2022-12-26T07:55:21.380Z"}
info: Mapped {/user/list, GET} route {"context":"RouterExplorer","ms":"+1ms","timestamp":"2022-12-26T07:55:21.381Z"}
info: Mapped {/user/add, POST} route {"context":"RouterExplorer","ms":"+1ms","timestamp":"2022-12-26T07:55:21.383Z"}
info: Mapped {/user/profile, GET} route {"context":"RouterExplorer","ms":"+3ms","timestamp":"2022-12-26T07:55:21.386Z"}
info: RolesController {/roles}: {"context":"RoutesResolver","ms":"+3ms","timestamp":"2022-12-26T07:55:21.390Z"}
info: Mapped {/roles, POST} route {"context":"RouterExplorer","ms":"+2ms","timestamp":"2022-12-26T07:55:21.393Z"}
info: Mapped {/roles, GET} route {"context":"RouterExplorer","ms":"+2ms","timestamp":"2022-12-26T07:55:21.395Z"}
info: Mapped {/roles/:id, GET} route {"context":"RouterExplorer","ms":"+1ms","timestamp":"2022-12-26T07:55:21.397Z"}
info: Mapped {/roles/:id, PATCH} route {"context":"RouterExplorer","ms":"+3ms","timestamp":"2022-12-26T07:55:21.401Z"}
info: Mapped {/roles/:id, DELETE} route {"context":"RouterExplorer","ms":"+2ms","timestamp":"2022-12-26T07:55:21.404Z"}
info: Nest application successfully started {"context":"NestApplication","ms":"+2ms","timestamp":"2022-12-26T07:55:21.409Z"}
error: AllExceptionsFilter {"ms":"+2ms","stack":[{"message":"Cannot GET /user/log?id=2","path":"/user/log?id=2","statusCode":404,"timestamp":"2022-12-26T07:55:28.343Z"}],"timestamp":"2022-12-26T07:55:28.345Z"}
error: AllExceptionsFilter {"ms":"+2ms","stack":[{"message":"Cannot GET /user/log/result?id=2","path":"/user/log/result?id=2","statusCode":404,"timestamp":"2022-12-26T07:55:31.182Z"}],"timestamp":"2022-12-26T07:55:31.184Z"}
error: AllExceptionsFilter {"ms":"+2ms","stack":[{"message":"Cannot GET /user/log?id=2","path":"/user/log?id=2","statusCode":404,"timestamp":"2022-12-26T07:55:42.532Z"}],"timestamp":"2022-12-26T07:55:42.534Z"}
info: AppController {/}: {"context":"RoutesResolver","ms":"+4ms","timestamp":"2022-12-26T07:56:05.623Z"}
info: Mapped {/, GET} route {"context":"RouterExplorer","ms":"+2ms","timestamp":"2022-12-26T07:56:05.629Z"}
info: UserController {/user}: {"context":"RoutesResolver","ms":"+2ms","timestamp":"2022-12-26T07:56:05.631Z"}
info: Mapped {/user/list, GET} route {"context":"RouterExplorer","ms":"+1ms","timestamp":"2022-12-26T07:56:05.632Z"}
info: Mapped {/user/add, POST} route {"context":"RouterExplorer","ms":"+2ms","timestamp":"2022-12-26T07:56:05.635Z"}
info: Mapped {/user/profile, GET} route {"context":"RouterExplorer","ms":"+3ms","timestamp":"2022-12-26T07:56:05.638Z"}
info: Mapped {/user/log, GET} route {"context":"RouterExplorer","ms":"+2ms","timestamp":"2022-12-26T07:56:05.641Z"}
info: Mapped {/user/log/result, GET} route {"context":"RouterExplorer","ms":"+2ms","timestamp":"2022-12-26T07:56:05.643Z"}
info: RolesController {/roles}: {"context":"RoutesResolver","ms":"+2ms","timestamp":"2022-12-26T07:56:05.645Z"}
info: Mapped {/roles, POST} route {"context":"RouterExplorer","ms":"+2ms","timestamp":"2022-12-26T07:56:05.648Z"}
info: Mapped {/roles, GET} route {"context":"RouterExplorer","ms":"+1ms","timestamp":"2022-12-26T07:56:05.650Z"}
info: Mapped {/roles/:id, GET} route {"context":"RouterExplorer","ms":"+2ms","timestamp":"2022-12-26T07:56:05.654Z"}
info: Mapped {/roles/:id, PATCH} route {"context":"RouterExplorer","ms":"+1ms","timestamp":"2022-12-26T07:56:05.656Z"}
info: Mapped {/roles/:id, DELETE} route {"context":"RouterExplorer","ms":"+2ms","timestamp":"2022-12-26T07:56:05.659Z"}
info: Nest application successfully started {"context":"NestApplication","ms":"+3ms","timestamp":"2022-12-26T07:56:05.666Z"}
error: AllExceptionsFilter {"ms":"+2ms","stack":[{"message":"You have an error in your SQL syntax; check the manual that corresponds to your MySQL server version for the right syntax to use near 'WHERE ((`Logs__Logs_user`.`id` = 2 AND `Logs__Logs_user`.`username` = 'admin' AN' at line 1","path":"/user/log?id=2","statusCode":500,"timestamp":"2022-12-26T07:56:06.890Z"}],"timestamp":"2022-12-26T07:56:06.893Z"}
error: AllExceptionsFilter {"ms":"+5ms","stack":[{"message":"You have an error in your SQL syntax; check the manual that corresponds to your MySQL server version for the right syntax to use near 'WHERE `user`.`id` = '2' GROUP BY `logs`.`result` ORDER BY count DESC' at line 1","path":"/user/log/result?id=2","statusCode":500,"timestamp":"2022-12-26T07:56:16.162Z"}],"timestamp":"2022-12-26T07:56:16.167Z"}
info: AppController {/}: {"context":"RoutesResolver","ms":"+3ms","timestamp":"2022-12-26T07:56:49.908Z"}
info: Mapped {/, GET} route {"context":"RouterExplorer","ms":"+2ms","timestamp":"2022-12-26T07:56:49.914Z"}
info: UserController {/user}: {"context":"RoutesResolver","ms":"+2ms","timestamp":"2022-12-26T07:56:49.916Z"}
info: Mapped {/user/list, GET} route {"context":"RouterExplorer","ms":"+34ms","timestamp":"2022-12-26T07:56:49.951Z"}
info: Mapped {/user/add, POST} route {"context":"RouterExplorer","ms":"+2ms","timestamp":"2022-12-26T07:56:49.955Z"}
info: Mapped {/user/profile, GET} route {"context":"RouterExplorer","ms":"+2ms","timestamp":"2022-12-26T07:56:49.958Z"}
info: Mapped {/user/log/:id, GET} route {"context":"RouterExplorer","ms":"+2ms","timestamp":"2022-12-26T07:56:49.962Z"}
info: Mapped {/user/log/result/:id, GET} route {"context":"RouterExplorer","ms":"+2ms","timestamp":"2022-12-26T07:56:49.965Z"}
info: RolesController {/roles}: {"context":"RoutesResolver","ms":"+1ms","timestamp":"2022-12-26T07:56:49.966Z"}
info: Mapped {/roles, POST} route {"context":"RouterExplorer","ms":"+2ms","timestamp":"2022-12-26T07:56:49.969Z"}
info: Mapped {/roles, GET} route {"context":"RouterExplorer","ms":"+1ms","timestamp":"2022-12-26T07:56:49.971Z"}
info: Mapped {/roles/:id, GET} route {"context":"RouterExplorer","ms":"+2ms","timestamp":"2022-12-26T07:56:49.974Z"}
info: Mapped {/roles/:id, PATCH} route {"context":"RouterExplorer","ms":"+3ms","timestamp":"2022-12-26T07:56:49.977Z"}
info: Mapped {/roles/:id, DELETE} route {"context":"RouterExplorer","ms":"+3ms","timestamp":"2022-12-26T07:56:49.981Z"}
info: Nest application successfully started {"context":"NestApplication","ms":"+2ms","timestamp":"2022-12-26T07:56:49.986Z"}
error: AllExceptionsFilter {"ms":"+4ms","stack":[{"message":"Cannot GET /user/log?id=2","path":"/user/log?id=2","statusCode":404,"timestamp":"2022-12-26T07:56:51.710Z"}],"timestamp":"2022-12-26T07:56:51.714Z"}
error: AllExceptionsFilter {"ms":"+2ms","stack":[{"message":"Cannot GET /user/log?id=2","path":"/user/log?id=2","statusCode":404,"timestamp":"2022-12-26T07:57:11.785Z"}],"timestamp":"2022-12-26T07:57:11.787Z"}
error: AllExceptionsFilter {"ms":"+3ms","stack":[{"message":"You have an error in your SQL syntax; check the manual that corresponds to your MySQL server version for the right syntax to use near 'WHERE ((`Logs__Logs_user`.`id` = 2 AND `Logs__Logs_user`.`username` = 'admin' AN' at line 1","path":"/user/log/result?id=2","statusCode":500,"timestamp":"2022-12-26T07:57:14.026Z"}],"timestamp":"2022-12-26T07:57:14.029Z"}
info: AppController {/}: {"context":"RoutesResolver","ms":"+3ms","timestamp":"2022-12-26T07:57:30.290Z"}
info: Mapped {/, GET} route {"context":"RouterExplorer","ms":"+2ms","timestamp":"2022-12-26T07:57:30.296Z"}
info: UserController {/user}: {"context":"RoutesResolver","ms":"+2ms","timestamp":"2022-12-26T07:57:30.298Z"}
info: Mapped {/user/list, GET} route {"context":"RouterExplorer","ms":"+1ms","timestamp":"2022-12-26T07:57:30.299Z"}
info: Mapped {/user/add, POST} route {"context":"RouterExplorer","ms":"+2ms","timestamp":"2022-12-26T07:57:30.302Z"}
info: Mapped {/user/profile, GET} route {"context":"RouterExplorer","ms":"+2ms","timestamp":"2022-12-26T07:57:30.304Z"}
info: Mapped {/user/log, GET} route {"context":"RouterExplorer","ms":"+2ms","timestamp":"2022-12-26T07:57:30.306Z"}
info: Mapped {/user/log/result, GET} route {"context":"RouterExplorer","ms":"+2ms","timestamp":"2022-12-26T07:57:30.308Z"}
info: RolesController {/roles}: {"context":"RoutesResolver","ms":"+3ms","timestamp":"2022-12-26T07:57:30.311Z"}
info: Mapped {/roles, POST} route {"context":"RouterExplorer","ms":"+1ms","timestamp":"2022-12-26T07:57:30.313Z"}
info: Mapped {/roles, GET} route {"context":"RouterExplorer","ms":"+1ms","timestamp":"2022-12-26T07:57:30.315Z"}
info: Mapped {/roles/:id, GET} route {"context":"RouterExplorer","ms":"+1ms","timestamp":"2022-12-26T07:57:30.317Z"}
info: Mapped {/roles/:id, PATCH} route {"context":"RouterExplorer","ms":"+1ms","timestamp":"2022-12-26T07:57:30.319Z"}
info: Mapped {/roles/:id, DELETE} route {"context":"RouterExplorer","ms":"+2ms","timestamp":"2022-12-26T07:57:30.322Z"}
info: Nest application successfully started {"context":"NestApplication","ms":"+1ms","timestamp":"2022-12-26T07:57:30.326Z"}
error: AllExceptionsFilter {"ms":"+3ms","stack":[{"message":"You have an error in your SQL syntax; check the manual that corresponds to your MySQL server version for the right syntax to use near 'WHERE ((`Logs__Logs_user`.`id` = 2 AND `Logs__Logs_user`.`username` = 'admin' AN' at line 1","path":"/user/log?id=2","statusCode":500,"timestamp":"2022-12-26T07:57:31.065Z"}],"timestamp":"2022-12-26T07:57:31.068Z"}
info: AppController {/}: {"context":"RoutesResolver","ms":"+3ms","timestamp":"2022-12-26T07:57:47.439Z"}
info: Mapped {/, GET} route {"context":"RouterExplorer","ms":"+2ms","timestamp":"2022-12-26T07:57:47.446Z"}
info: UserController {/user}: {"context":"RoutesResolver","ms":"+2ms","timestamp":"2022-12-26T07:57:47.448Z"}
info: Mapped {/user/list, GET} route {"context":"RouterExplorer","ms":"+2ms","timestamp":"2022-12-26T07:57:47.450Z"}
info: Mapped {/user/add, POST} route {"context":"RouterExplorer","ms":"+1ms","timestamp":"2022-12-26T07:57:47.452Z"}
info: Mapped {/user/profile, GET} route {"context":"RouterExplorer","ms":"+1ms","timestamp":"2022-12-26T07:57:47.454Z"}
info: Mapped {/user/log, GET} route {"context":"RouterExplorer","ms":"+3ms","timestamp":"2022-12-26T07:57:47.458Z"}
info: Mapped {/user/log/result, GET} route {"context":"RouterExplorer","ms":"+1ms","timestamp":"2022-12-26T07:57:47.460Z"}
info: RolesController {/roles}: {"context":"RoutesResolver","ms":"+1ms","timestamp":"2022-12-26T07:57:47.462Z"}
info: Mapped {/roles, POST} route {"context":"RouterExplorer","ms":"+2ms","timestamp":"2022-12-26T07:57:47.465Z"}
info: Mapped {/roles, GET} route {"context":"RouterExplorer","ms":"+2ms","timestamp":"2022-12-26T07:57:47.467Z"}
info: Mapped {/roles/:id, GET} route {"context":"RouterExplorer","ms":"+2ms","timestamp":"2022-12-26T07:57:47.470Z"}
info: Mapped {/roles/:id, PATCH} route {"context":"RouterExplorer","ms":"+3ms","timestamp":"2022-12-26T07:57:47.473Z"}
info: Mapped {/roles/:id, DELETE} route {"context":"RouterExplorer","ms":"+1ms","timestamp":"2022-12-26T07:57:47.475Z"}
info: Nest application successfully started {"context":"NestApplication","ms":"+3ms","timestamp":"2022-12-26T07:57:47.481Z"}
error: AllExceptionsFilter {"ms":"+2ms","stack":[{"message":"You have an error in your SQL syntax; check the manual that corresponds to your MySQL server version for the right syntax to use near 'WHERE ((`Logs__Logs_user`.`id` = 2 AND `Logs__Logs_user`.`username` = 'admin' AN' at line 1","path":"/user/log?id=2","statusCode":500,"timestamp":"2022-12-26T07:57:49.197Z"}],"timestamp":"2022-12-26T07:57:49.199Z"}
info: AppController {/}: {"context":"RoutesResolver","ms":"+5ms","timestamp":"2022-12-26T07:57:56.398Z"}
info: Mapped {/, GET} route {"context":"RouterExplorer","ms":"+2ms","timestamp":"2022-12-26T07:57:56.405Z"}
info: UserController {/user}: {"context":"RoutesResolver","ms":"+2ms","timestamp":"2022-12-26T07:57:56.407Z"}
info: Mapped {/user/list, GET} route {"context":"RouterExplorer","ms":"+2ms","timestamp":"2022-12-26T07:57:56.410Z"}
info: Mapped {/user/add, POST} route {"context":"RouterExplorer","ms":"+1ms","timestamp":"2022-12-26T07:57:56.412Z"}
info: Mapped {/user/profile, GET} route {"context":"RouterExplorer","ms":"+3ms","timestamp":"2022-12-26T07:57:56.416Z"}
info: Mapped {/user/log, GET} route {"context":"RouterExplorer","ms":"+1ms","timestamp":"2022-12-26T07:57:56.418Z"}
info: Mapped {/user/log/result, GET} route {"context":"RouterExplorer","ms":"+2ms","timestamp":"2022-12-26T07:57:56.421Z"}
info: RolesController {/roles}: {"context":"RoutesResolver","ms":"+1ms","timestamp":"2022-12-26T07:57:56.423Z"}
info: Mapped {/roles, POST} route {"context":"RouterExplorer","ms":"+2ms","timestamp":"2022-12-26T07:57:56.426Z"}
info: Mapped {/roles, GET} route {"context":"RouterExplorer","ms":"+4ms","timestamp":"2022-12-26T07:57:56.431Z"}
info: Mapped {/roles/:id, GET} route {"context":"RouterExplorer","ms":"+2ms","timestamp":"2022-12-26T07:57:56.435Z"}
info: Mapped {/roles/:id, PATCH} route {"context":"RouterExplorer","ms":"+2ms","timestamp":"2022-12-26T07:57:56.438Z"}
info: Mapped {/roles/:id, DELETE} route {"context":"RouterExplorer","ms":"+2ms","timestamp":"2022-12-26T07:57:56.441Z"}
info: Nest application successfully started {"context":"NestApplication","ms":"+2ms","timestamp":"2022-12-26T07:57:56.447Z"}
info: AppController {/}: {"context":"RoutesResolver","ms":"+3ms","timestamp":"2022-12-26T07:58:04.026Z"}
info: Mapped {/, GET} route {"context":"RouterExplorer","ms":"+3ms","timestamp":"2022-12-26T07:58:04.034Z"}
info: UserController {/user}: {"context":"RoutesResolver","ms":"+1ms","timestamp":"2022-12-26T07:58:04.036Z"}
info: Mapped {/user/list, GET} route {"context":"RouterExplorer","ms":"+2ms","timestamp":"2022-12-26T07:58:04.039Z"}
info: Mapped {/user/add, POST} route {"context":"RouterExplorer","ms":"+5ms","timestamp":"2022-12-26T07:58:04.045Z"}
info: Mapped {/user/profile, GET} route {"context":"RouterExplorer","ms":"+2ms","timestamp":"2022-12-26T07:58:04.048Z"}
info: Mapped {/user/log, GET} route {"context":"RouterExplorer","ms":"+3ms","timestamp":"2022-12-26T07:58:04.052Z"}
info: Mapped {/user/log/result, GET} route {"context":"RouterExplorer","ms":"+1ms","timestamp":"2022-12-26T07:58:04.054Z"}
info: RolesController {/roles}: {"context":"RoutesResolver","ms":"+2ms","timestamp":"2022-12-26T07:58:04.057Z"}
info: Mapped {/roles, POST} route {"context":"RouterExplorer","ms":"+2ms","timestamp":"2022-12-26T07:58:04.060Z"}
info: Mapped {/roles, GET} route {"context":"RouterExplorer","ms":"+2ms","timestamp":"2022-12-26T07:58:04.063Z"}
info: Mapped {/roles/:id, GET} route {"context":"RouterExplorer","ms":"+1ms","timestamp":"2022-12-26T07:58:04.066Z"}
info: Mapped {/roles/:id, PATCH} route {"context":"RouterExplorer","ms":"+2ms","timestamp":"2022-12-26T07:58:04.069Z"}
info: Mapped {/roles/:id, DELETE} route {"context":"RouterExplorer","ms":"+3ms","timestamp":"2022-12-26T07:58:04.073Z"}
info: Nest application successfully started {"context":"NestApplication","ms":"+3ms","timestamp":"2022-12-26T07:58:04.081Z"}
error: AllExceptionsFilter {"ms":"+2ms","stack":[{"message":"You have an error in your SQL syntax; check the manual that corresponds to your MySQL server version for the right syntax to use near 'WHERE ((`Logs__Logs_user`.`id` = 2 AND `Logs__Logs_user`.`username` = 'admin' AN' at line 1","path":"/user/log?id=2","statusCode":500,"timestamp":"2022-12-26T07:58:05.512Z"}],"timestamp":"2022-12-26T07:58:05.515Z"}
info: AppController {/}: {"context":"RoutesResolver","ms":"+4ms","timestamp":"2022-12-26T07:58:23.666Z"}
info: Mapped {/, GET} route {"context":"RouterExplorer","ms":"+2ms","timestamp":"2022-12-26T07:58:23.674Z"}
info: UserController {/user}: {"context":"RoutesResolver","ms":"+1ms","timestamp":"2022-12-26T07:58:23.676Z"}
info: Mapped {/user/list, GET} route {"context":"RouterExplorer","ms":"+1ms","timestamp":"2022-12-26T07:58:23.678Z"}
info: Mapped {/user/add, POST} route {"context":"RouterExplorer","ms":"+2ms","timestamp":"2022-12-26T07:58:23.681Z"}
info: Mapped {/user/profile, GET} route {"context":"RouterExplorer","ms":"+3ms","timestamp":"2022-12-26T07:58:23.685Z"}
info: Mapped {/user/log, GET} route {"context":"RouterExplorer","ms":"+2ms","timestamp":"2022-12-26T07:58:23.688Z"}
info: Mapped {/user/log/result, GET} route {"context":"RouterExplorer","ms":"+1ms","timestamp":"2022-12-26T07:58:23.690Z"}
info: RolesController {/roles}: {"context":"RoutesResolver","ms":"+1ms","timestamp":"2022-12-26T07:58:23.692Z"}
info: Mapped {/roles, POST} route {"context":"RouterExplorer","ms":"+2ms","timestamp":"2022-12-26T07:58:23.695Z"}
info: Mapped {/roles, GET} route {"context":"RouterExplorer","ms":"+2ms","timestamp":"2022-12-26T07:58:23.698Z"}
info: Mapped {/roles/:id, GET} route {"context":"RouterExplorer","ms":"+1ms","timestamp":"2022-12-26T07:58:23.700Z"}
info: Mapped {/roles/:id, PATCH} route {"context":"RouterExplorer","ms":"+1ms","timestamp":"2022-12-26T07:58:23.702Z"}
info: Mapped {/roles/:id, DELETE} route {"context":"RouterExplorer","ms":"+2ms","timestamp":"2022-12-26T07:58:23.705Z"}
info: Nest application successfully started {"context":"NestApplication","ms":"+3ms","timestamp":"2022-12-26T07:58:23.711Z"}
info: AppController {/}: {"context":"RoutesResolver","ms":"+24ms","timestamp":"2022-12-26T07:58:57.278Z"}
info: Mapped {/, GET} route {"context":"RouterExplorer","ms":"+3ms","timestamp":"2022-12-26T07:58:57.288Z"}
info: UserController {/user}: {"context":"RoutesResolver","ms":"+4ms","timestamp":"2022-12-26T07:58:57.294Z"}
info: Mapped {/user/list, GET} route {"context":"RouterExplorer","ms":"+3ms","timestamp":"2022-12-26T07:58:57.298Z"}
info: Mapped {/user/add, POST} route {"context":"RouterExplorer","ms":"+3ms","timestamp":"2022-12-26T07:58:57.303Z"}
info: Mapped {/user/profile, GET} route {"context":"RouterExplorer","ms":"+2ms","timestamp":"2022-12-26T07:58:57.307Z"}
info: Mapped {/user/log, GET} route {"context":"RouterExplorer","ms":"+2ms","timestamp":"2022-12-26T07:58:57.311Z"}
info: Mapped {/user/log/result, GET} route {"context":"RouterExplorer","ms":"+2ms","timestamp":"2022-12-26T07:58:57.314Z"}
info: RolesController {/roles}: {"context":"RoutesResolver","ms":"+3ms","timestamp":"2022-12-26T07:58:57.318Z"}
info: Mapped {/roles, POST} route {"context":"RouterExplorer","ms":"+2ms","timestamp":"2022-12-26T07:58:57.322Z"}
info: Mapped {/roles, GET} route {"context":"RouterExplorer","ms":"+3ms","timestamp":"2022-12-26T07:58:57.326Z"}
info: Mapped {/roles/:id, GET} route {"context":"RouterExplorer","ms":"+2ms","timestamp":"2022-12-26T07:58:57.331Z"}
info: Mapped {/roles/:id, PATCH} route {"context":"RouterExplorer","ms":"+4ms","timestamp":"2022-12-26T07:58:57.336Z"}
info: Mapped {/roles/:id, DELETE} route {"context":"RouterExplorer","ms":"+3ms","timestamp":"2022-12-26T07:58:57.340Z"}
info: Nest application successfully started {"context":"NestApplication","ms":"+2ms","timestamp":"2022-12-26T07:58:57.348Z"}
info: AppController {/}: {"context":"RoutesResolver","ms":"+3ms","timestamp":"2022-12-26T07:59:59.406Z"}
info: Mapped {/, GET} route {"context":"RouterExplorer","ms":"+2ms","timestamp":"2022-12-26T07:59:59.411Z"}
info: UserController {/user}: {"context":"RoutesResolver","ms":"+2ms","timestamp":"2022-12-26T07:59:59.414Z"}
info: Mapped {/user/list, GET} route {"context":"RouterExplorer","ms":"+1ms","timestamp":"2022-12-26T07:59:59.416Z"}
info: Mapped {/user/add, POST} route {"context":"RouterExplorer","ms":"+2ms","timestamp":"2022-12-26T07:59:59.420Z"}
info: Mapped {/user/profile, GET} route {"context":"RouterExplorer","ms":"+1ms","timestamp":"2022-12-26T07:59:59.422Z"}
info: Mapped {/user/log, GET} route {"context":"RouterExplorer","ms":"+1ms","timestamp":"2022-12-26T07:59:59.424Z"}
info: Mapped {/user/log/result, GET} route {"context":"RouterExplorer","ms":"+1ms","timestamp":"2022-12-26T07:59:59.426Z"}
info: RolesController {/roles}: {"context":"RoutesResolver","ms":"+2ms","timestamp":"2022-12-26T07:59:59.429Z"}
info: Mapped {/roles, POST} route {"context":"RouterExplorer","ms":"+2ms","timestamp":"2022-12-26T07:59:59.432Z"}
info: Mapped {/roles, GET} route {"context":"RouterExplorer","ms":"+2ms","timestamp":"2022-12-26T07:59:59.434Z"}
info: Mapped {/roles/:id, GET} route {"context":"RouterExplorer","ms":"+1ms","timestamp":"2022-12-26T07:59:59.436Z"}
info: Mapped {/roles/:id, PATCH} route {"context":"RouterExplorer","ms":"+2ms","timestamp":"2022-12-26T07:59:59.439Z"}
info: Mapped {/roles/:id, DELETE} route {"context":"RouterExplorer","ms":"+1ms","timestamp":"2022-12-26T07:59:59.441Z"}
info: Nest application successfully started {"context":"NestApplication","ms":"+1ms","timestamp":"2022-12-26T07:59:59.447Z"}
